2025-03-18 16:51:53,420 - INFO - 
Model Architectures:
2025-03-18 16:51:53,420 - INFO - Image CNN Architecture:
2025-03-18 16:51:53,420 - INFO - [<framework.ConvolutionalLayer.ConvolutionalLayer object at 0x1194d7da0>, <framework.ReLULayer.ReLULayer object at 0x116f39100>, <framework.MaxPoolingLayer.MaxPoolingLayer object at 0x1168d04a0>, <framework.ConvolutionalLayer.ConvolutionalLayer object at 0x1194d4a40>, <framework.ReLULayer.ReLULayer object at 0x1194d7080>, <framework.MaxPoolingLayer.MaxPoolingLayer object at 0x1194d58e0>, <framework.FlatteningLayer.FlatteningLayer object at 0x1194d7230>, <framework.FullyConnectedLayer.FullyConnectedLayer object at 0x1194d6540>, <framework.ReLULayer.ReLULayer object at 0x1194d55e0>, <framework.FullyConnectedLayer.FullyConnectedLayer object at 0x1194d7200>]
2025-03-18 16:51:53,420 - INFO - 
Text CNN Architecture:
2025-03-18 16:51:53,420 - INFO - [<framework.EmbeddingLayer.EmbeddingLayer object at 0x1194d7560>, <framework.TransposeLayer.TransposeLayer object at 0x1194d76b0>, <framework.Conv1DLayer.Conv1DLayer object at 0x1194d56a0>, <framework.ReLULayer.ReLULayer object at 0x11722c8f0>, <framework.GlobalMaxPooling1DLayer.GlobalMaxPooling1DLayer object at 0x1194d43b0>, <framework.FlatteningLayer.FlatteningLayer object at 0x11726b440>, <framework.FullyConnectedLayer.FullyConnectedLayer object at 0x1194d60c0>]
2025-03-18 16:51:53,420 - INFO - 
Starting training...
2025-03-18 16:51:53,420 - INFO - Starting training with:
2025-03-18 16:51:53,420 - INFO - Epochs: 10
2025-03-18 16:51:53,420 - INFO - Batch size: 64
2025-03-18 16:51:53,420 - INFO - Learning rate: 0.001
2025-03-18 16:51:53,420 - INFO - Image size: 64
2025-03-18 16:51:53,420 - INFO - Conv blocks: 2
2025-03-18 16:51:53,420 - INFO - 
Epoch 1/10
2025-03-18 16:54:36,823 - INFO - 
Model Architectures:
2025-03-18 16:54:36,823 - INFO - Image CNN Architecture:
2025-03-18 16:54:36,823 - INFO - [<framework.ConvolutionalLayer.ConvolutionalLayer object at 0x13eac27e0>, <framework.ReLULayer.ReLULayer object at 0x13ead3aa0>, <framework.MaxPoolingLayer.MaxPoolingLayer object at 0x13ead3950>, <framework.ConvolutionalLayer.ConvolutionalLayer object at 0x13ead1550>, <framework.ReLULayer.ReLULayer object at 0x13ead2ae0>, <framework.MaxPoolingLayer.MaxPoolingLayer object at 0x13ead28a0>, <framework.FlatteningLayer.FlatteningLayer object at 0x13ead3920>, <framework.FullyConnectedLayer.FullyConnectedLayer object at 0x13e919f70>, <framework.ReLULayer.ReLULayer object at 0x13e958950>, <framework.FullyConnectedLayer.FullyConnectedLayer object at 0x13ead3170>]
2025-03-18 16:54:36,823 - INFO - 
Text CNN Architecture:
2025-03-18 16:54:36,823 - INFO - [<framework.EmbeddingLayer.EmbeddingLayer object at 0x13ead31d0>, <framework.TransposeLayer.TransposeLayer object at 0x13e9ed9a0>, <framework.Conv1DLayer.Conv1DLayer object at 0x1251b8ce0>, <framework.ReLULayer.ReLULayer object at 0x13ead3110>, <framework.GlobalMaxPooling1DLayer.GlobalMaxPooling1DLayer object at 0x13ead2c90>, <framework.FlatteningLayer.FlatteningLayer object at 0x13ead2e70>, <framework.FullyConnectedLayer.FullyConnectedLayer object at 0x13ead3830>]
2025-03-18 16:54:36,823 - INFO - 
Starting training...
2025-03-18 16:54:36,823 - INFO - Starting training with:
2025-03-18 16:54:36,823 - INFO - Epochs: 10
2025-03-18 16:54:36,823 - INFO - Batch size: 64
2025-03-18 16:54:36,823 - INFO - Learning rate: 0.001
2025-03-18 16:54:36,823 - INFO - Image size: 64
2025-03-18 16:54:36,823 - INFO - Conv blocks: 2
2025-03-18 17:09:08,514 - INFO - Using device: cpu
2025-03-18 17:10:06,488 - INFO - Using device: cpu
2025-03-18 17:11:02,649 - INFO - Using device: cpu
2025-03-18 17:11:29,943 - INFO - CUDA not available, using CPU
2025-03-18 17:12:16,655 - INFO - CUDA not available, using CPU
2025-03-18 17:13:07,868 - INFO - Using device: mps
2025-03-18 17:13:40,377 - INFO - 
Model Architectures:
2025-03-18 17:13:40,377 - INFO - Image CNN Architecture:
2025-03-18 17:13:40,377 - INFO - [<framework.ConvolutionalLayer.ConvolutionalLayer object at 0x17e0d38f0>, <framework.ReLULayer.ReLULayer object at 0x17e0d3290>, <framework.MaxPoolingLayer.MaxPoolingLayer object at 0x17e0d2ea0>, <framework.ConvolutionalLayer.ConvolutionalLayer object at 0x17e0d2510>, <framework.ReLULayer.ReLULayer object at 0x17e0d10d0>, <framework.MaxPoolingLayer.MaxPoolingLayer object at 0x17e0d0590>, <framework.FlatteningLayer.FlatteningLayer object at 0x17e0d1e80>, <framework.FullyConnectedLayer.FullyConnectedLayer object at 0x17e0d2bd0>, <framework.ReLULayer.ReLULayer object at 0x17e0d1a30>, <framework.FullyConnectedLayer.FullyConnectedLayer object at 0x17e0d3b90>]
2025-03-18 17:13:40,377 - INFO - 
Text CNN Architecture:
2025-03-18 17:13:40,377 - INFO - [<framework.EmbeddingLayer.EmbeddingLayer object at 0x16bdb6ea0>, <framework.TransposeLayer.TransposeLayer object at 0x17e0d1610>, <framework.Conv1DLayer.Conv1DLayer object at 0x17e0d17c0>, <framework.ReLULayer.ReLULayer object at 0x17e0d1eb0>, <framework.GlobalMaxPooling1DLayer.GlobalMaxPooling1DLayer object at 0x17e0d23f0>, <framework.FlatteningLayer.FlatteningLayer object at 0x17e0d1250>, <framework.FullyConnectedLayer.FullyConnectedLayer object at 0x17e0d0f20>]
2025-03-18 17:13:40,377 - INFO - 
Starting training...
2025-03-18 17:13:40,377 - INFO - Starting training with:
2025-03-18 17:13:40,377 - INFO - Epochs: 10
2025-03-18 17:13:40,377 - INFO - Batch size: 64
2025-03-18 17:13:40,377 - INFO - Learning rate: 0.001
2025-03-18 17:13:40,377 - INFO - Image size: 64
2025-03-18 17:13:40,377 - INFO - Conv blocks: 2
2025-03-18 17:13:40,377 - INFO - 
Epoch 1/10
2025-03-18 17:17:33,800 - INFO - Using device: mps
2025-03-18 17:18:06,337 - INFO - 
Model Architectures:
2025-03-18 17:18:06,337 - INFO - Image CNN Architecture:
2025-03-18 17:18:06,337 - INFO - [<framework.ConvolutionalLayer.ConvolutionalLayer object at 0x16d5f6a80>, <framework.ReLULayer.ReLULayer object at 0x16d5f4770>, <framework.MaxPoolingLayer.MaxPoolingLayer object at 0x16d5f6c00>, <framework.ConvolutionalLayer.ConvolutionalLayer object at 0x16d5f6d50>, <framework.ReLULayer.ReLULayer object at 0x16d5f4b00>, <framework.MaxPoolingLayer.MaxPoolingLayer object at 0x16d5f5ee0>, <framework.FlatteningLayer.FlatteningLayer object at 0x16d5f70e0>, <framework.FullyConnectedLayer.FullyConnectedLayer object at 0x16d5f4b30>, <framework.ReLULayer.ReLULayer object at 0x16d5f40b0>, <framework.FullyConnectedLayer.FullyConnectedLayer object at 0x16d5f5760>]
2025-03-18 17:18:06,337 - INFO - 
Text CNN Architecture:
2025-03-18 17:18:06,337 - INFO - [<framework.EmbeddingLayer.EmbeddingLayer object at 0x16d5f65a0>, <framework.TransposeLayer.TransposeLayer object at 0x16d5f6390>, <framework.Conv1DLayer.Conv1DLayer object at 0x16d5f4080>, <framework.ReLULayer.ReLULayer object at 0x16d5f69c0>, <framework.GlobalMaxPooling1DLayer.GlobalMaxPooling1DLayer object at 0x16d5f7b60>, <framework.FlatteningLayer.FlatteningLayer object at 0x16d5f4680>, <framework.FullyConnectedLayer.FullyConnectedLayer object at 0x16d5f5c10>]
2025-03-18 17:18:06,337 - INFO - 
Starting training...
2025-03-18 17:18:06,337 - INFO - Starting training with:
2025-03-18 17:18:06,337 - INFO - Epochs: 10
2025-03-18 17:18:06,337 - INFO - Batch size: 64
2025-03-18 17:18:06,337 - INFO - Learning rate: 0.001
2025-03-18 17:18:06,337 - INFO - Image size: 64
2025-03-18 17:18:06,337 - INFO - Conv blocks: 2
2025-03-18 17:18:06,337 - INFO - 
Epoch 1/10
2025-03-18 17:19:32,742 - INFO - 
Model Architectures:
2025-03-18 17:19:32,742 - INFO - Image CNN Architecture:
2025-03-18 17:19:32,742 - INFO - [<framework.ConvolutionalLayer.ConvolutionalLayer object at 0x169d422d0>, <framework.ReLULayer.ReLULayer object at 0x168f04b30>, <framework.MaxPoolingLayer.MaxPoolingLayer object at 0x169d40b30>, <framework.ConvolutionalLayer.ConvolutionalLayer object at 0x169d43290>, <framework.ReLULayer.ReLULayer object at 0x169d42270>, <framework.MaxPoolingLayer.MaxPoolingLayer object at 0x169d40080>, <framework.FlatteningLayer.FlatteningLayer object at 0x169d426c0>, <framework.FullyConnectedLayer.FullyConnectedLayer object at 0x169d43530>, <framework.ReLULayer.ReLULayer object at 0x169d41310>, <framework.FullyConnectedLayer.FullyConnectedLayer object at 0x169d43080>]
2025-03-18 17:19:32,743 - INFO - 
Text CNN Architecture:
2025-03-18 17:19:32,743 - INFO - [<framework.EmbeddingLayer.EmbeddingLayer object at 0x169d435c0>, <framework.TransposeLayer.TransposeLayer object at 0x14fdfac00>, <framework.Conv1DLayer.Conv1DLayer object at 0x169d420c0>, <framework.ReLULayer.ReLULayer object at 0x169d43650>, <framework.GlobalMaxPooling1DLayer.GlobalMaxPooling1DLayer object at 0x169d42690>, <framework.FlatteningLayer.FlatteningLayer object at 0x169d41bb0>, <framework.FullyConnectedLayer.FullyConnectedLayer object at 0x169d40f50>]
2025-03-18 17:19:32,743 - INFO - 
Starting training...
2025-03-18 17:19:32,743 - INFO - Starting training with:
2025-03-18 17:19:32,743 - INFO - Epochs: 10
2025-03-18 17:19:32,743 - INFO - Batch size: 64
2025-03-18 17:19:32,743 - INFO - Learning rate: 0.001
2025-03-18 17:19:32,743 - INFO - Image size: 64
2025-03-18 17:19:32,743 - INFO - Conv blocks: 2
2025-03-18 17:19:32,743 - INFO - 
Epoch 1/10
2025-03-18 17:29:25,468 - INFO - Using Apple Silicon optimized Metal Performance Shaders (MPS) backend.
2025-03-18 17:30:22,736 - INFO - Using Apple Silicon optimized Metal Performance Shaders (MPS) backend.
2025-03-18 17:31:36,142 - INFO - Using Apple Silicon optimized Metal Performance Shaders (MPS) backend.
2025-03-18 17:32:08,023 - INFO - 
Model Architectures:
2025-03-18 17:32:08,023 - INFO - Image CNN Architecture:
2025-03-18 17:32:08,023 - INFO - [<framework.ConvolutionalLayer.ConvolutionalLayer object at 0x1479d37a0>, <framework.ReLULayer.ReLULayer object at 0x147233500>, <framework.MaxPoolingLayer.MaxPoolingLayer object at 0x1471c2f00>, <framework.ConvolutionalLayer.ConvolutionalLayer object at 0x1479d26c0>, <framework.ReLULayer.ReLULayer object at 0x1479d1cd0>, <framework.MaxPoolingLayer.MaxPoolingLayer object at 0x1479d0200>, <framework.FlatteningLayer.FlatteningLayer object at 0x1479d3a40>, <framework.FullyConnectedLayer.FullyConnectedLayer object at 0x1479d1be0>, <framework.ReLULayer.ReLULayer object at 0x1479d2690>, <framework.FullyConnectedLayer.FullyConnectedLayer object at 0x1479d18e0>]
2025-03-18 17:32:08,023 - INFO - 
Text CNN Architecture:
2025-03-18 17:32:08,023 - INFO - [<framework.EmbeddingLayer.EmbeddingLayer object at 0x1479d2060>, <framework.TransposeLayer.TransposeLayer object at 0x1479d1a30>, <framework.Conv1DLayer.Conv1DLayer object at 0x1479d16d0>, <framework.ReLULayer.ReLULayer object at 0x147758080>, <framework.GlobalMaxPooling1DLayer.GlobalMaxPooling1DLayer object at 0x147253a70>, <framework.FlatteningLayer.FlatteningLayer object at 0x1479d04d0>, <framework.FullyConnectedLayer.FullyConnectedLayer object at 0x1479d06e0>]
2025-03-18 17:32:08,023 - INFO - 
Starting training...
2025-03-18 17:32:08,023 - INFO - Starting training with:
2025-03-18 17:32:08,023 - INFO - Epochs: 10
2025-03-18 17:32:08,023 - INFO - Batch size: 64
2025-03-18 17:32:08,023 - INFO - Learning rate: 0.001
2025-03-18 17:32:08,023 - INFO - Image size: 64
2025-03-18 17:32:08,023 - INFO - Conv blocks: 2
2025-03-18 17:32:08,023 - INFO - 
Epoch 1/10
2025-03-18 17:32:46,087 - INFO - Using Apple Silicon optimized Metal Performance Shaders (MPS) backend.
2025-03-18 17:33:20,887 - INFO - 
Model Architectures:
2025-03-18 17:33:20,887 - INFO - Image CNN Architecture:
2025-03-18 17:33:20,887 - INFO - [<framework.ConvolutionalLayer.ConvolutionalLayer object at 0x16b3d39b0>, <framework.ReLULayer.ReLULayer object at 0x16b3d1820>, <framework.MaxPoolingLayer.MaxPoolingLayer object at 0x16b3d3e90>, <framework.ConvolutionalLayer.ConvolutionalLayer object at 0x16b3d0140>, <framework.ReLULayer.ReLULayer object at 0x16b3d0c20>, <framework.MaxPoolingLayer.MaxPoolingLayer object at 0x16b3d1190>, <framework.FlatteningLayer.FlatteningLayer object at 0x16b3d1b50>, <framework.FullyConnectedLayer.FullyConnectedLayer object at 0x16b3d31a0>, <framework.ReLULayer.ReLULayer object at 0x16b3d2fc0>, <framework.FullyConnectedLayer.FullyConnectedLayer object at 0x16b3d0aa0>]
2025-03-18 17:33:20,887 - INFO - 
Text CNN Architecture:
2025-03-18 17:33:20,887 - INFO - [<framework.EmbeddingLayer.EmbeddingLayer object at 0x16b3d1610>, <framework.TransposeLayer.TransposeLayer object at 0x16b3d3da0>, <framework.Conv1DLayer.Conv1DLayer object at 0x16b3d1670>, <framework.ReLULayer.ReLULayer object at 0x169f1e5a0>, <framework.GlobalMaxPooling1DLayer.GlobalMaxPooling1DLayer object at 0x16b3d26c0>, <framework.FlatteningLayer.FlatteningLayer object at 0x16b3d1760>, <framework.FullyConnectedLayer.FullyConnectedLayer object at 0x16b3d2540>]
2025-03-18 17:33:20,887 - INFO - 
Starting training...
2025-03-18 17:33:20,887 - INFO - Starting training with:
2025-03-18 17:33:20,887 - INFO - Epochs: 10
2025-03-18 17:33:20,887 - INFO - Batch size: 64
2025-03-18 17:33:20,887 - INFO - Learning rate: 0.001
2025-03-18 17:33:20,887 - INFO - Image size: 64
2025-03-18 17:33:20,887 - INFO - Conv blocks: 2
2025-03-18 17:33:20,887 - INFO - 
Epoch 1/10
2025-03-18 17:33:54,191 - INFO - Using Apple Silicon optimized Metal Performance Shaders (MPS) backend.
2025-03-18 17:34:30,166 - INFO - 
Model Architectures:
2025-03-18 17:34:30,166 - INFO - Image CNN Architecture:
2025-03-18 17:34:30,166 - INFO - [<framework.ConvolutionalLayer.ConvolutionalLayer object at 0x3271ad850>, <framework.ReLULayer.ReLULayer object at 0x3271ad280>, <framework.MaxPoolingLayer.MaxPoolingLayer object at 0x3271af710>, <framework.ConvolutionalLayer.ConvolutionalLayer object at 0x3271af920>, <framework.ReLULayer.ReLULayer object at 0x3271ad550>, <framework.MaxPoolingLayer.MaxPoolingLayer object at 0x3271ad1f0>, <framework.FlatteningLayer.FlatteningLayer object at 0x3271afaa0>, <framework.FullyConnectedLayer.FullyConnectedLayer object at 0x3271affb0>, <framework.ReLULayer.ReLULayer object at 0x317de8920>, <framework.FullyConnectedLayer.FullyConnectedLayer object at 0x316d3ff20>]
2025-03-18 17:34:30,166 - INFO - 
Text CNN Architecture:
2025-03-18 17:34:30,166 - INFO - [<framework.EmbeddingLayer.EmbeddingLayer object at 0x3271aec90>, <framework.TransposeLayer.TransposeLayer object at 0x316e37c50>, <framework.Conv1DLayer.Conv1DLayer object at 0x317dd7da0>, <framework.ReLULayer.ReLULayer object at 0x317de8980>, <framework.GlobalMaxPooling1DLayer.GlobalMaxPooling1DLayer object at 0x3271ad340>, <framework.FlatteningLayer.FlatteningLayer object at 0x326d0fe00>, <framework.FullyConnectedLayer.FullyConnectedLayer object at 0x3271acb60>]
2025-03-18 17:34:30,166 - INFO - 
Starting training...
2025-03-18 17:34:30,166 - INFO - Starting training with:
2025-03-18 17:34:30,166 - INFO - Epochs: 10
2025-03-18 17:34:30,166 - INFO - Batch size: 64
2025-03-18 17:34:30,166 - INFO - Learning rate: 0.001
2025-03-18 17:34:30,166 - INFO - Image size: 64
2025-03-18 17:34:30,167 - INFO - Conv blocks: 2
2025-03-18 17:34:30,167 - INFO - 
Epoch 1/10
2025-03-18 17:35:41,430 - INFO - Using Apple Silicon optimized Metal Performance Shaders (MPS) backend.
2025-03-18 17:36:13,613 - INFO - 
Model Architectures:
2025-03-18 17:36:13,613 - INFO - Image CNN Architecture:
2025-03-18 17:36:13,613 - INFO - [<framework.ConvolutionalLayer.ConvolutionalLayer object at 0x326535cd0>, <framework.ReLULayer.ReLULayer object at 0x323419cd0>, <framework.MaxPoolingLayer.MaxPoolingLayer object at 0x326534f50>, <framework.ConvolutionalLayer.ConvolutionalLayer object at 0x326535c70>, <framework.ReLULayer.ReLULayer object at 0x326537020>, <framework.MaxPoolingLayer.MaxPoolingLayer object at 0x326537980>, <framework.FlatteningLayer.FlatteningLayer object at 0x326536f90>, <framework.FullyConnectedLayer.FullyConnectedLayer object at 0x326537290>, <framework.ReLULayer.ReLULayer object at 0x326537e30>, <framework.FullyConnectedLayer.FullyConnectedLayer object at 0x3265360c0>]
2025-03-18 17:36:13,613 - INFO - 
Text CNN Architecture:
2025-03-18 17:36:13,613 - INFO - [<framework.EmbeddingLayer.EmbeddingLayer object at 0x326534290>, <framework.TransposeLayer.TransposeLayer object at 0x3265364e0>, <framework.Conv1DLayer.Conv1DLayer object at 0x3265364b0>, <framework.ReLULayer.ReLULayer object at 0x326537ce0>, <framework.GlobalMaxPooling1DLayer.GlobalMaxPooling1DLayer object at 0x3265354c0>, <framework.FlatteningLayer.FlatteningLayer object at 0x326534d10>, <framework.FullyConnectedLayer.FullyConnectedLayer object at 0x326536b70>]
2025-03-18 17:36:13,613 - INFO - 
Starting training...
2025-03-18 17:36:13,613 - INFO - Starting training with:
2025-03-18 17:36:13,613 - INFO - Epochs: 10
2025-03-18 17:36:13,613 - INFO - Batch size: 64
2025-03-18 17:36:13,613 - INFO - Learning rate: 0.001
2025-03-18 17:36:13,613 - INFO - Image size: 64
2025-03-18 17:36:13,613 - INFO - Conv blocks: 2
2025-03-18 17:36:13,613 - INFO - 
Epoch 1/10
2025-03-18 17:37:38,426 - INFO - Using Apple Silicon optimized Metal Performance Shaders (MPS) backend.
2025-03-18 17:38:10,391 - INFO - 
Model Architectures:
2025-03-18 17:38:10,391 - INFO - Image CNN Architecture:
2025-03-18 17:38:10,391 - INFO - [<framework.ConvolutionalLayer.ConvolutionalLayer object at 0x1575cd550>, <framework.ReLULayer.ReLULayer object at 0x1575cfbc0>, <framework.MaxPoolingLayer.MaxPoolingLayer object at 0x1575ce4b0>, <framework.ConvolutionalLayer.ConvolutionalLayer object at 0x1575cc530>, <framework.ReLULayer.ReLULayer object at 0x1575cca10>, <framework.MaxPoolingLayer.MaxPoolingLayer object at 0x1575cee40>, <framework.FlatteningLayer.FlatteningLayer object at 0x1575cdc70>, <framework.FullyConnectedLayer.FullyConnectedLayer object at 0x1575cffb0>, <framework.ReLULayer.ReLULayer object at 0x156bdbf20>, <framework.FullyConnectedLayer.FullyConnectedLayer object at 0x1575cfcb0>]
2025-03-18 17:38:10,391 - INFO - 
Text CNN Architecture:
2025-03-18 17:38:10,391 - INFO - [<framework.EmbeddingLayer.EmbeddingLayer object at 0x1575cf2c0>, <framework.TransposeLayer.TransposeLayer object at 0x1575cdca0>, <framework.Conv1DLayer.Conv1DLayer object at 0x1575cfc80>, <framework.ReLULayer.ReLULayer object at 0x1575cc710>, <framework.GlobalMaxPooling1DLayer.GlobalMaxPooling1DLayer object at 0x1575cf920>, <framework.FlatteningLayer.FlatteningLayer object at 0x1575cf650>, <framework.FullyConnectedLayer.FullyConnectedLayer object at 0x1575cd160>]
2025-03-18 17:38:10,391 - INFO - 
Starting training...
2025-03-18 17:38:10,392 - INFO - Starting training with:
2025-03-18 17:38:10,392 - INFO - Epochs: 10
2025-03-18 17:38:10,392 - INFO - Batch size: 64
2025-03-18 17:38:10,392 - INFO - Learning rate: 0.001
2025-03-18 17:38:10,392 - INFO - Image size: 64
2025-03-18 17:38:10,392 - INFO - Conv blocks: 2
2025-03-18 17:38:10,392 - INFO - 
Epoch 1/10
2025-03-18 19:03:52,336 - INFO - Using Apple Silicon optimized Metal Performance Shaders (MPS) backend.
2025-03-18 19:04:32,341 - INFO - 
Model Architectures:
2025-03-18 19:04:32,341 - INFO - Image CNN Architecture:
2025-03-18 19:04:32,341 - INFO - [<framework.ConvolutionalLayer.ConvolutionalLayer object at 0x16a2c9a30>, <framework.ReLULayer.ReLULayer object at 0x16a2c8410>, <framework.MaxPoolingLayer.MaxPoolingLayer object at 0x16a2c8620>, <framework.ConvolutionalLayer.ConvolutionalLayer object at 0x16a2caf30>, <framework.ReLULayer.ReLULayer object at 0x16a2c9c10>, <framework.MaxPoolingLayer.MaxPoolingLayer object at 0x16a2ca4b0>, <framework.FlatteningLayer.FlatteningLayer object at 0x16a2ca120>, <framework.FullyConnectedLayer.FullyConnectedLayer object at 0x169ed60c0>, <framework.ReLULayer.ReLULayer object at 0x16a2caa50>, <framework.FullyConnectedLayer.FullyConnectedLayer object at 0x16a2c9a60>]
2025-03-18 19:04:32,341 - INFO - 
Text CNN Architecture:
2025-03-18 19:04:32,341 - INFO - [<framework.EmbeddingLayer.EmbeddingLayer object at 0x16a2c9490>, <framework.TransposeLayer.TransposeLayer object at 0x16a2cb380>, <framework.Conv1DLayer.Conv1DLayer object at 0x16a2ca360>, <framework.ReLULayer.ReLULayer object at 0x16a2cba10>, <framework.GlobalMaxPooling1DLayer.GlobalMaxPooling1DLayer object at 0x16a2c8830>, <framework.FlatteningLayer.FlatteningLayer object at 0x16a2c97f0>, <framework.FullyConnectedLayer.FullyConnectedLayer object at 0x16a2c9970>]
2025-03-18 19:04:32,342 - INFO - 
Starting training...
2025-03-18 19:04:32,342 - INFO - Starting training with:
2025-03-18 19:04:32,342 - INFO - Epochs: 1
2025-03-18 19:04:32,342 - INFO - Batch size: 64
2025-03-18 19:04:32,342 - INFO - Learning rate: 0.1
2025-03-18 19:04:32,342 - INFO - Image size: 64
2025-03-18 19:04:32,342 - INFO - Conv blocks: 2
2025-03-18 19:04:32,342 - INFO - 
Epoch 1/1
2025-03-18 20:17:19,389 - INFO - 
Epoch 1 Summary:
2025-03-18 20:17:19,390 - INFO - Duration: 4367.05s
2025-03-18 20:17:19,391 - INFO - Train Loss: 0.6751 | Acc: 61.21%
2025-03-18 20:17:19,391 - INFO - Val Loss: 0.6426 | Acc: 66.18%
2025-03-18 20:17:19,391 - INFO - --------------------------------------------------
2025-03-18 20:36:39,018 - INFO - Using Apple Silicon optimized Metal Performance Shaders (MPS) backend.
2025-03-18 20:36:52,733 - INFO - 
Model Architectures:
2025-03-18 20:36:52,733 - INFO - Image CNN Architecture:
2025-03-18 20:36:52,733 - INFO - [<framework.ConvolutionalLayer.ConvolutionalLayer object at 0x16ccb4530>, <framework.ReLULayer.ReLULayer object at 0x16ccb61e0>, <framework.MaxPoolingLayer.MaxPoolingLayer object at 0x16ccb4830>, <framework.FlatteningLayer.FlatteningLayer object at 0x16ccb5010>, <framework.FullyConnectedLayer.FullyConnectedLayer object at 0x16ccb7e30>, <framework.ReLULayer.ReLULayer object at 0x16ccb6d80>, <framework.FullyConnectedLayer.FullyConnectedLayer object at 0x16ccb6cc0>]
2025-03-18 20:36:52,733 - INFO - 
Text CNN Architecture:
2025-03-18 20:36:52,733 - INFO - [<framework.EmbeddingLayer.EmbeddingLayer object at 0x16ccb5ac0>, <framework.TransposeLayer.TransposeLayer object at 0x16cc38770>, <framework.Conv1DLayer.Conv1DLayer object at 0x16ccb75c0>, <framework.ReLULayer.ReLULayer object at 0x16ccb7d40>, <framework.GlobalMaxPooling1DLayer.GlobalMaxPooling1DLayer object at 0x16ccb4ad0>, <framework.FlatteningLayer.FlatteningLayer object at 0x16ccb4560>, <framework.FullyConnectedLayer.FullyConnectedLayer object at 0x16ccb47d0>]
2025-03-18 20:36:52,733 - INFO - 
Starting training...
2025-03-18 20:36:52,733 - INFO - Starting training with:
2025-03-18 20:36:52,733 - INFO - Epochs: 3
2025-03-18 20:36:52,733 - INFO - Batch size: 128
2025-03-18 20:36:52,733 - INFO - Learning rate: 0.01
2025-03-18 20:36:52,733 - INFO - Image size: 32
2025-03-18 20:36:52,733 - INFO - Conv blocks: 1
2025-03-18 20:36:52,733 - INFO - Using 25% of dataset: 1700 training, 425 validation samples
2025-03-18 20:36:52,733 - INFO - 
Epoch 1/3
2025-03-18 20:39:21,103 - INFO - 
Epoch 1 Summary:
2025-03-18 20:39:21,104 - INFO - Duration: 148.37s
2025-03-18 20:39:21,104 - INFO - Train Loss: 0.6532 | Acc: 62.88%
2025-03-18 20:39:21,104 - INFO - Val Loss: 0.6388 | Acc: 65.65%
2025-03-18 20:39:21,104 - INFO - --------------------------------------------------
2025-03-18 20:39:21,104 - INFO - 
Epoch 2/3
2025-03-18 20:41:48,969 - INFO - 
Epoch 2 Summary:
2025-03-18 20:41:48,969 - INFO - Duration: 147.86s
2025-03-18 20:41:48,969 - INFO - Train Loss: 0.6466 | Acc: 64.88%
2025-03-18 20:41:48,969 - INFO - Val Loss: 0.6389 | Acc: 65.65%
2025-03-18 20:41:48,969 - INFO - --------------------------------------------------
2025-03-18 20:41:48,970 - INFO - 
Epoch 3/3
2025-03-18 20:44:14,796 - INFO - 
Epoch 3 Summary:
2025-03-18 20:44:14,797 - INFO - Duration: 145.83s
2025-03-18 20:44:14,797 - INFO - Train Loss: 0.6484 | Acc: 64.88%
2025-03-18 20:44:14,797 - INFO - Val Loss: 0.6414 | Acc: 65.65%
2025-03-18 20:44:14,797 - INFO - --------------------------------------------------
2025-03-18 20:51:19,305 - INFO - Using Apple Silicon optimized Metal Performance Shaders (MPS) backend.
2025-03-18 20:51:24,901 - INFO - Using Apple Silicon optimized Metal Performance Shaders (MPS) backend.
2025-03-18 20:52:46,959 - INFO - 
Model Architectures:
2025-03-18 20:52:46,959 - INFO - Image CNN Architecture:
2025-03-18 20:52:46,959 - INFO - [<framework.ConvolutionalLayer.ConvolutionalLayer object at 0x3101eed20>, <framework.ReLULayer.ReLULayer object at 0x3101edd00>, <framework.MaxPoolingLayer.MaxPoolingLayer object at 0x3101ef650>, <framework.FlatteningLayer.FlatteningLayer object at 0x3101eeba0>, <framework.FullyConnectedLayer.FullyConnectedLayer object at 0x3101ed940>, <framework.ReLULayer.ReLULayer object at 0x3101eea50>, <framework.FullyConnectedLayer.FullyConnectedLayer object at 0x3101ef9e0>]
2025-03-18 20:52:46,959 - INFO - 
Text CNN Architecture:
2025-03-18 20:52:46,959 - INFO - [<framework.EmbeddingLayer.EmbeddingLayer object at 0x3101efef0>, <framework.TransposeLayer.TransposeLayer object at 0x16fb9e060>, <framework.Conv1DLayer.Conv1DLayer object at 0x3101ed3d0>, <framework.ReLULayer.ReLULayer object at 0x16a70d220>, <framework.GlobalMaxPooling1DLayer.GlobalMaxPooling1DLayer object at 0x3101ef6e0>, <framework.FlatteningLayer.FlatteningLayer object at 0x3101ef4d0>, <framework.FullyConnectedLayer.FullyConnectedLayer object at 0x3101ec170>]
2025-03-18 20:52:46,959 - INFO - 
Starting training...
2025-03-18 20:52:46,959 - INFO - Starting training with:
2025-03-18 20:52:46,959 - INFO - Epochs: 3
2025-03-18 20:52:46,959 - INFO - Batch size: 128
2025-03-18 20:52:46,959 - INFO - Learning rate: 0.01
2025-03-18 20:52:46,959 - INFO - Image size: 32
2025-03-18 20:52:46,959 - INFO - Conv blocks: 1
2025-03-18 20:52:46,959 - INFO - Using 50% of dataset: 2452 training, 850 validation samples
2025-03-18 20:52:46,959 - INFO - 
Epoch 1/3
2025-03-18 20:56:41,095 - INFO - 
Epoch 1 Summary:
2025-03-18 20:56:41,096 - INFO - Duration: 234.14s
2025-03-18 20:56:41,096 - INFO - Train Loss: 0.6928 | Acc: 49.71%
2025-03-18 20:56:41,096 - INFO - Val Loss: 0.7153 | Acc: 33.53%
2025-03-18 20:56:41,096 - INFO - --------------------------------------------------
2025-03-18 20:56:41,096 - INFO - 
Epoch 2/3
2025-03-18 21:00:29,578 - INFO - 
Epoch 2 Summary:
2025-03-18 21:00:29,578 - INFO - Duration: 228.48s
2025-03-18 21:00:29,578 - INFO - Train Loss: 0.6938 | Acc: 50.12%
2025-03-18 21:00:29,578 - INFO - Val Loss: 0.6957 | Acc: 33.53%
2025-03-18 21:00:29,578 - INFO - --------------------------------------------------
2025-03-18 21:00:29,578 - INFO - 
Epoch 3/3
2025-03-18 21:04:20,956 - INFO - 
Epoch 3 Summary:
2025-03-18 21:04:20,957 - INFO - Duration: 231.38s
2025-03-18 21:04:20,957 - INFO - Train Loss: 0.6925 | Acc: 52.00%
2025-03-18 21:04:20,957 - INFO - Val Loss: 0.7241 | Acc: 33.53%
2025-03-18 21:04:20,957 - INFO - --------------------------------------------------
2025-03-18 21:05:03,948 - INFO - Using Apple Silicon optimized Metal Performance Shaders (MPS) backend.
2025-03-18 21:06:25,638 - INFO - 
Model Architectures:
2025-03-18 21:06:25,638 - INFO - Image CNN Architecture:
2025-03-18 21:06:25,638 - INFO - [<framework.ConvolutionalLayer.ConvolutionalLayer object at 0x3095e7410>, <framework.ReLULayer.ReLULayer object at 0x3095e52b0>, <framework.MaxPoolingLayer.MaxPoolingLayer object at 0x3095e7710>, <framework.ConvolutionalLayer.ConvolutionalLayer object at 0x17ff3f080>, <framework.ReLULayer.ReLULayer object at 0x3095e6ae0>, <framework.MaxPoolingLayer.MaxPoolingLayer object at 0x3095e70b0>, <framework.FlatteningLayer.FlatteningLayer object at 0x3095e6660>, <framework.FullyConnectedLayer.FullyConnectedLayer object at 0x3095e71a0>, <framework.ReLULayer.ReLULayer object at 0x3095e5730>, <framework.FullyConnectedLayer.FullyConnectedLayer object at 0x3095e66c0>]
2025-03-18 21:06:25,638 - INFO - 
Text CNN Architecture:
2025-03-18 21:06:25,638 - INFO - [<framework.EmbeddingLayer.EmbeddingLayer object at 0x3095e41a0>, <framework.TransposeLayer.TransposeLayer object at 0x17ff3f920>, <framework.Conv1DLayer.Conv1DLayer object at 0x3095e4740>, <framework.ReLULayer.ReLULayer object at 0x3095e6fc0>, <framework.GlobalMaxPooling1DLayer.GlobalMaxPooling1DLayer object at 0x3095e7bc0>, <framework.FlatteningLayer.FlatteningLayer object at 0x3095e6360>, <framework.FullyConnectedLayer.FullyConnectedLayer object at 0x3095e7110>]
2025-03-18 21:06:25,638 - INFO - 
Starting training...
2025-03-18 21:06:25,638 - INFO - Starting training with:
2025-03-18 21:06:25,639 - INFO - Epochs: 3
2025-03-18 21:06:25,639 - INFO - Batch size: 128
2025-03-18 21:06:25,639 - INFO - Learning rate: 0.01
2025-03-18 21:06:25,639 - INFO - Image size: 32
2025-03-18 21:06:25,639 - INFO - Conv blocks: 2
2025-03-18 21:06:25,639 - INFO - Using 50% of dataset: 2394 training, 850 validation samples
2025-03-18 21:06:25,639 - INFO - 
Epoch 1/3
2025-03-18 21:14:25,666 - INFO - 
Epoch 1 Summary:
2025-03-18 21:14:25,666 - INFO - Duration: 480.03s
2025-03-18 21:14:25,666 - INFO - Train Loss: 0.6941 | Acc: 49.12%
2025-03-18 21:14:25,666 - INFO - Val Loss: 0.6968 | Acc: 35.18%
2025-03-18 21:14:25,666 - INFO - --------------------------------------------------
2025-03-18 21:14:25,667 - INFO - 
Epoch 2/3
2025-03-18 21:22:28,384 - INFO - 
Epoch 2 Summary:
2025-03-18 21:22:28,384 - INFO - Duration: 482.72s
2025-03-18 21:22:28,384 - INFO - Train Loss: 0.6944 | Acc: 48.12%
2025-03-18 21:22:28,384 - INFO - Val Loss: 0.6897 | Acc: 64.82%
2025-03-18 21:22:28,384 - INFO - --------------------------------------------------
2025-03-18 21:22:28,385 - INFO - 
Epoch 3/3
2025-03-18 21:30:39,674 - INFO - 
Epoch 3 Summary:
2025-03-18 21:30:39,675 - INFO - Duration: 491.29s
2025-03-18 21:30:39,675 - INFO - Train Loss: 0.6939 | Acc: 49.46%
2025-03-18 21:30:39,675 - INFO - Val Loss: 0.6893 | Acc: 64.82%
2025-03-18 21:30:39,675 - INFO - --------------------------------------------------
2025-03-18 21:41:03,701 - INFO - Using Apple Silicon optimized Metal Performance Shaders (MPS) backend.
2025-03-18 21:41:03,703 - INFO - 
======= Starting experiment: Grayscale_SimpleCNN =======
2025-03-18 21:42:20,410 - INFO - Original dataset size: 2370 training, 850 validation
2025-03-18 21:42:20,411 - INFO - After balancing: 4740 training samples (equal class distribution)
2025-03-18 21:42:20,411 - INFO - Final dataset size: 2370 training, 850 validation
2025-03-18 21:42:32,203 - INFO - 
Model Architectures:
2025-03-18 21:42:32,203 - INFO - Image CNN Architecture:
2025-03-18 21:42:32,203 - INFO - [<framework.ConvolutionalLayer.ConvolutionalLayer object at 0x16b7198b0>, <framework.ReLULayer.ReLULayer object at 0x16b718260>, <framework.MaxPoolingLayer.MaxPoolingLayer object at 0x16b718350>, <framework.FlatteningLayer.FlatteningLayer object at 0x16b290c20>, <framework.FullyConnectedLayer.FullyConnectedLayer object at 0x16b7198e0>, <framework.ReLULayer.ReLULayer object at 0x16ae9a360>, <framework.FullyConnectedLayer.FullyConnectedLayer object at 0x16b718380>]
2025-03-18 21:42:32,203 - INFO - 
Text CNN Architecture:
2025-03-18 21:42:32,204 - INFO - [<framework.EmbeddingLayer.EmbeddingLayer object at 0x16b7755e0>, <framework.TransposeLayer.TransposeLayer object at 0x167ba35c0>, <framework.Conv1DLayer.Conv1DLayer object at 0x16ae32b40>, <framework.ReLULayer.ReLULayer object at 0x16ae30470>, <framework.GlobalMaxPooling1DLayer.GlobalMaxPooling1DLayer object at 0x16ae30440>, <framework.FlatteningLayer.FlatteningLayer object at 0x16b775130>, <framework.FullyConnectedLayer.FullyConnectedLayer object at 0x16b7767e0>]
2025-03-18 21:42:32,204 - INFO - 
Starting training...
2025-03-18 21:42:32,204 - INFO - Starting training with:
2025-03-18 21:42:32,204 - INFO - Epochs: 5
2025-03-18 21:42:32,204 - INFO - Batch size: 128
2025-03-18 21:42:32,204 - INFO - Learning rate: 0.01
2025-03-18 21:42:32,204 - INFO - Image size: 64
2025-03-18 21:42:32,204 - INFO - Conv blocks: 1
2025-03-18 21:42:32,204 - INFO - Grayscale: True
2025-03-18 21:42:32,204 - INFO - Num kernels: 8
2025-03-18 21:42:32,204 - INFO - Using 50% of dataset: 2370 training, 850 validation samples
2025-03-18 21:42:32,204 - INFO - 
Epoch 1/5
2025-03-18 21:49:16,996 - INFO - 
Epoch 1 Summary:
2025-03-18 21:49:16,998 - INFO - Duration: 404.79s
2025-03-18 21:49:16,998 - INFO - Train Loss: 0.6947 | Acc: 48.90%
2025-03-18 21:49:16,998 - INFO - Val Loss: 0.6898 | Acc: 60.82%
2025-03-18 21:49:16,998 - INFO - --------------------------------------------------
2025-03-18 21:49:16,998 - INFO - 
Epoch 2/5
2025-03-18 21:56:14,819 - INFO - 
Epoch 2 Summary:
2025-03-18 21:56:14,821 - INFO - Duration: 417.82s
2025-03-18 21:56:14,821 - INFO - Train Loss: 0.6943 | Acc: 49.24%
2025-03-18 21:56:14,821 - INFO - Val Loss: 0.6984 | Acc: 39.18%
2025-03-18 21:56:14,821 - INFO - --------------------------------------------------
2025-03-18 21:56:14,821 - INFO - 
Epoch 3/5
2025-03-18 22:03:19,549 - INFO - 
Epoch 3 Summary:
2025-03-18 22:03:19,551 - INFO - Duration: 424.73s
2025-03-18 22:03:19,552 - INFO - Train Loss: 0.6946 | Acc: 48.31%
2025-03-18 22:03:19,552 - INFO - Val Loss: 0.6929 | Acc: 60.82%
2025-03-18 22:03:19,552 - INFO - --------------------------------------------------
2025-03-18 22:03:19,552 - INFO - 
Epoch 4/5
2025-03-18 22:10:32,944 - INFO - 
Epoch 4 Summary:
2025-03-18 22:10:32,945 - INFO - Duration: 433.39s
2025-03-18 22:10:32,945 - INFO - Train Loss: 0.6941 | Acc: 49.58%
2025-03-18 22:10:32,945 - INFO - Val Loss: 0.6877 | Acc: 60.82%
2025-03-18 22:10:32,945 - INFO - --------------------------------------------------
2025-03-18 22:10:32,945 - INFO - 
Epoch 5/5
2025-03-18 22:17:50,112 - INFO - 
Epoch 5 Summary:
2025-03-18 22:17:50,113 - INFO - Duration: 437.17s
2025-03-18 22:17:50,113 - INFO - Train Loss: 0.6942 | Acc: 49.49%
2025-03-18 22:17:50,113 - INFO - Val Loss: 0.6969 | Acc: 39.18%
2025-03-18 22:17:50,113 - INFO - --------------------------------------------------
2025-03-18 22:17:50,138 - INFO - 
======= Results for Grayscale_SimpleCNN =======
2025-03-18 22:17:50,138 - INFO - Validation Accuracy: 39.18%
2025-03-18 22:17:50,138 - INFO - Validation Loss: 0.6969
2025-03-18 22:17:50,138 - INFO - Training Accuracy: 49.49%
2025-03-18 22:17:50,138 - INFO - Training Loss: 0.6942
2025-03-18 22:17:50,138 - INFO - Epoch Duration: 437.17s
2025-03-18 22:17:50,138 - INFO - ==================================================
2025-03-18 22:17:50,138 - INFO - Configuration details:
2025-03-18 22:17:50,138 - INFO -   - Image size: 64px
2025-03-18 22:17:50,138 - INFO -   - Image format: Grayscale
2025-03-18 22:17:50,138 - INFO -   - CNN depth: 1 convolutional blocks
2025-03-18 22:17:50,138 - INFO -   - Kernels per layer: 8
2025-03-18 22:17:50,138 - INFO - 
======= Starting experiment: RGB_SimpleCNN =======
2025-03-18 22:19:11,698 - INFO - Original dataset size: 2377 training, 850 validation
2025-03-18 22:19:11,699 - INFO - After balancing: 4754 training samples (equal class distribution)
2025-03-18 22:19:11,699 - INFO - Final dataset size: 2377 training, 850 validation
2025-03-18 22:19:24,893 - INFO - 
Model Architectures:
2025-03-18 22:19:24,894 - INFO - Image CNN Architecture:
2025-03-18 22:19:24,894 - INFO - [<framework.ConvolutionalLayer.ConvolutionalLayer object at 0x16b75cb00>, <framework.ReLULayer.ReLULayer object at 0x16b75d460>, <framework.MaxPoolingLayer.MaxPoolingLayer object at 0x16b75e930>, <framework.FlatteningLayer.FlatteningLayer object at 0x16b75cb60>, <framework.FullyConnectedLayer.FullyConnectedLayer object at 0x16b75e960>, <framework.ReLULayer.ReLULayer object at 0x16b711df0>, <framework.FullyConnectedLayer.FullyConnectedLayer object at 0x16b7127b0>]
2025-03-18 22:19:24,894 - INFO - 
Text CNN Architecture:
2025-03-18 22:19:24,894 - INFO - [<framework.EmbeddingLayer.EmbeddingLayer object at 0x16b711bb0>, <framework.TransposeLayer.TransposeLayer object at 0x16b7126c0>, <framework.Conv1DLayer.Conv1DLayer object at 0x167beb8c0>, <framework.ReLULayer.ReLULayer object at 0x16b712b40>, <framework.GlobalMaxPooling1DLayer.GlobalMaxPooling1DLayer object at 0x16b710890>, <framework.FlatteningLayer.FlatteningLayer object at 0x16b7129f0>, <framework.FullyConnectedLayer.FullyConnectedLayer object at 0x16b712060>]
2025-03-18 22:19:24,894 - INFO - 
Starting training...
2025-03-18 22:19:24,894 - INFO - Starting training with:
2025-03-18 22:19:24,894 - INFO - Epochs: 5
2025-03-18 22:19:24,894 - INFO - Batch size: 128
2025-03-18 22:19:24,894 - INFO - Learning rate: 0.01
2025-03-18 22:19:24,894 - INFO - Image size: 64
2025-03-18 22:19:24,894 - INFO - Conv blocks: 1
2025-03-18 22:19:24,894 - INFO - Grayscale: False
2025-03-18 22:19:24,894 - INFO - Num kernels: 8
2025-03-18 22:19:24,894 - INFO - Using 50% of dataset: 2377 training, 850 validation samples
2025-03-18 22:19:24,894 - INFO - 
Epoch 1/5
2025-03-18 22:26:47,345 - INFO - 
Epoch 1 Summary:
2025-03-18 22:26:47,346 - INFO - Duration: 442.45s
2025-03-18 22:26:47,346 - INFO - Train Loss: 0.6939 | Acc: 49.68%
2025-03-18 22:26:47,346 - INFO - Val Loss: 0.6961 | Acc: 38.35%
2025-03-18 22:26:47,346 - INFO - --------------------------------------------------
2025-03-18 22:26:47,346 - INFO - 
Epoch 2/5
2025-03-18 22:34:12,201 - INFO - 
Epoch 2 Summary:
2025-03-18 22:34:12,201 - INFO - Duration: 444.85s
2025-03-18 22:34:12,201 - INFO - Train Loss: 0.6938 | Acc: 50.36%
2025-03-18 22:34:12,201 - INFO - Val Loss: 0.7059 | Acc: 38.35%
2025-03-18 22:34:12,201 - INFO - --------------------------------------------------
2025-03-18 22:34:12,201 - INFO - 
Epoch 3/5
2025-03-18 22:40:52,003 - INFO - 
Epoch 3 Summary:
2025-03-18 22:40:52,004 - INFO - Duration: 399.80s
2025-03-18 22:40:52,004 - INFO - Train Loss: 0.6938 | Acc: 49.31%
2025-03-18 22:40:52,004 - INFO - Val Loss: 0.6952 | Acc: 38.35%
2025-03-18 22:40:52,004 - INFO - --------------------------------------------------
2025-03-18 22:40:52,004 - INFO - 
Epoch 4/5
2025-03-18 22:47:28,799 - INFO - 
Epoch 4 Summary:
2025-03-18 22:47:28,800 - INFO - Duration: 396.79s
2025-03-18 22:47:28,800 - INFO - Train Loss: 0.6942 | Acc: 49.35%
2025-03-18 22:47:28,800 - INFO - Val Loss: 0.6975 | Acc: 38.35%
2025-03-18 22:47:28,800 - INFO - --------------------------------------------------
2025-03-18 22:47:28,802 - INFO - 
Epoch 5/5
2025-03-18 22:54:22,551 - INFO - 
Epoch 5 Summary:
2025-03-18 22:54:22,553 - INFO - Duration: 413.75s
2025-03-18 22:54:22,553 - INFO - Train Loss: 0.6941 | Acc: 50.02%
2025-03-18 22:54:22,553 - INFO - Val Loss: 0.7061 | Acc: 38.35%
2025-03-18 22:54:22,553 - INFO - --------------------------------------------------
2025-03-18 22:54:22,571 - INFO - 
======= Results for RGB_SimpleCNN =======
2025-03-18 22:54:22,571 - INFO - Validation Accuracy: 38.35%
2025-03-18 22:54:22,571 - INFO - Validation Loss: 0.7061
2025-03-18 22:54:22,571 - INFO - Training Accuracy: 50.02%
2025-03-18 22:54:22,571 - INFO - Training Loss: 0.6941
2025-03-18 22:54:22,571 - INFO - Epoch Duration: 413.75s
2025-03-18 22:54:22,571 - INFO - ==================================================
2025-03-18 22:54:22,571 - INFO - Configuration details:
2025-03-18 22:54:22,571 - INFO -   - Image size: 64px
2025-03-18 22:54:22,571 - INFO -   - Image format: RGB
2025-03-18 22:54:22,571 - INFO -   - CNN depth: 1 convolutional blocks
2025-03-18 22:54:22,571 - INFO -   - Kernels per layer: 8
2025-03-18 22:54:22,571 - INFO - 
======= Starting experiment: Grayscale_MultiKernel =======
2025-03-18 22:56:00,139 - INFO - Original dataset size: 2435 training, 850 validation
2025-03-18 22:56:00,140 - INFO - After balancing: 4870 training samples (equal class distribution)
2025-03-18 22:56:00,140 - INFO - Final dataset size: 2435 training, 850 validation
2025-03-18 22:56:11,882 - INFO - 
Model Architectures:
2025-03-18 22:56:11,882 - INFO - Image CNN Architecture:
2025-03-18 22:56:11,882 - INFO - [<framework.ConvolutionalLayer.ConvolutionalLayer object at 0x16b740b30>, <framework.ReLULayer.ReLULayer object at 0x16b741460>, <framework.MaxPoolingLayer.MaxPoolingLayer object at 0x16b742930>, <framework.FlatteningLayer.FlatteningLayer object at 0x16b740b90>, <framework.FullyConnectedLayer.FullyConnectedLayer object at 0x16b742960>, <framework.ReLULayer.ReLULayer object at 0x178b9a060>, <framework.FullyConnectedLayer.FullyConnectedLayer object at 0x178b9b9b0>]
2025-03-18 22:56:11,882 - INFO - 
Text CNN Architecture:
2025-03-18 22:56:11,882 - INFO - [<framework.EmbeddingLayer.EmbeddingLayer object at 0x178b8c890>, <framework.TransposeLayer.TransposeLayer object at 0x178b8f380>, <framework.Conv1DLayer.Conv1DLayer object at 0x178b8ec00>, <framework.ReLULayer.ReLULayer object at 0x178b8d1c0>, <framework.GlobalMaxPooling1DLayer.GlobalMaxPooling1DLayer object at 0x178b8c530>, <framework.FlatteningLayer.FlatteningLayer object at 0x178b8f8f0>, <framework.FullyConnectedLayer.FullyConnectedLayer object at 0x178b8f590>]
2025-03-18 22:56:11,882 - INFO - 
Starting training...
2025-03-18 22:56:11,883 - INFO - Starting training with:
2025-03-18 22:56:11,883 - INFO - Epochs: 5
2025-03-18 22:56:11,883 - INFO - Batch size: 128
2025-03-18 22:56:11,883 - INFO - Learning rate: 0.01
2025-03-18 22:56:11,883 - INFO - Image size: 64
2025-03-18 22:56:11,883 - INFO - Conv blocks: 1
2025-03-18 22:56:11,883 - INFO - Grayscale: True
2025-03-18 22:56:11,883 - INFO - Num kernels: 32
2025-03-18 22:56:11,883 - INFO - Using 50% of dataset: 2435 training, 850 validation samples
2025-03-18 22:56:11,883 - INFO - 
Epoch 1/5
2025-03-18 23:19:02,410 - INFO - 
Epoch 1 Summary:
2025-03-18 23:19:02,412 - INFO - Duration: 1370.53s
2025-03-18 23:19:02,412 - INFO - Train Loss: 0.6932 | Acc: 50.51%
2025-03-18 23:19:02,412 - INFO - Val Loss: 0.6830 | Acc: 64.82%
2025-03-18 23:19:02,412 - INFO - --------------------------------------------------
2025-03-18 23:19:02,412 - INFO - 
Epoch 2/5
2025-03-18 23:42:03,775 - INFO - 
Epoch 2 Summary:
2025-03-18 23:42:03,776 - INFO - Duration: 1381.36s
2025-03-18 23:42:03,776 - INFO - Train Loss: 0.6944 | Acc: 49.73%
2025-03-18 23:42:03,776 - INFO - Val Loss: 0.6932 | Acc: 35.18%
2025-03-18 23:42:03,776 - INFO - --------------------------------------------------
2025-03-18 23:42:03,776 - INFO - 
Epoch 3/5
2025-03-19 00:04:23,285 - INFO - 
Epoch 3 Summary:
2025-03-19 00:04:23,286 - INFO - Duration: 1339.51s
2025-03-19 00:04:23,286 - INFO - Train Loss: 0.6935 | Acc: 50.64%
2025-03-19 00:04:23,286 - INFO - Val Loss: 0.6912 | Acc: 64.82%
2025-03-19 00:04:23,286 - INFO - --------------------------------------------------
2025-03-19 00:04:23,286 - INFO - 
Epoch 4/5
2025-03-19 00:26:49,478 - INFO - 
Epoch 4 Summary:
2025-03-19 00:26:49,478 - INFO - Duration: 1346.19s
2025-03-19 00:26:49,478 - INFO - Train Loss: 0.6944 | Acc: 51.01%
2025-03-19 00:26:49,478 - INFO - Val Loss: 0.6881 | Acc: 64.82%
2025-03-19 00:26:49,478 - INFO - --------------------------------------------------
2025-03-19 00:26:49,480 - INFO - 
Epoch 5/5
2025-03-19 00:49:23,030 - INFO - 
Epoch 5 Summary:
2025-03-19 00:49:23,031 - INFO - Duration: 1353.54s
2025-03-19 00:49:23,031 - INFO - Train Loss: 0.6945 | Acc: 49.69%
2025-03-19 00:49:23,031 - INFO - Val Loss: 0.6898 | Acc: 64.82%
2025-03-19 00:49:23,031 - INFO - --------------------------------------------------
2025-03-19 00:49:23,053 - INFO - 
======= Results for Grayscale_MultiKernel =======
2025-03-19 00:49:23,053 - INFO - Validation Accuracy: 64.82%
2025-03-19 00:49:23,053 - INFO - Validation Loss: 0.6898
2025-03-19 00:49:23,053 - INFO - Training Accuracy: 49.69%
2025-03-19 00:49:23,053 - INFO - Training Loss: 0.6945
2025-03-19 00:49:23,053 - INFO - Epoch Duration: 1353.54s
2025-03-19 00:49:23,053 - INFO - ==================================================
2025-03-19 00:49:23,053 - INFO - Configuration details:
2025-03-19 00:49:23,053 - INFO -   - Image size: 64px
2025-03-19 00:49:23,053 - INFO -   - Image format: Grayscale
2025-03-19 00:49:23,053 - INFO -   - CNN depth: 1 convolutional blocks
2025-03-19 00:49:23,053 - INFO -   - Kernels per layer: 32
2025-03-19 00:49:23,053 - INFO - 
======= Starting experiment: RGB_DeepCNN =======
2025-03-19 00:50:36,306 - INFO - Original dataset size: 2410 training, 850 validation
2025-03-19 00:50:36,306 - INFO - After balancing: 4820 training samples (equal class distribution)
2025-03-19 00:50:36,306 - INFO - Final dataset size: 2410 training, 850 validation
2025-03-19 00:50:47,918 - INFO - 
Model Architectures:
2025-03-19 00:50:47,918 - INFO - Image CNN Architecture:
2025-03-19 00:50:47,918 - INFO - [<framework.ConvolutionalLayer.ConvolutionalLayer object at 0x178be0da0>, <framework.ReLULayer.ReLULayer object at 0x178be1850>, <framework.MaxPoolingLayer.MaxPoolingLayer object at 0x16b734380>, <framework.ConvolutionalLayer.ConvolutionalLayer object at 0x178be2cc0>, <framework.ReLULayer.ReLULayer object at 0x178be2cf0>, <framework.MaxPoolingLayer.MaxPoolingLayer object at 0x178bcaea0>, <framework.ConvolutionalLayer.ConvolutionalLayer object at 0x178bc5be0>, <framework.ReLULayer.ReLULayer object at 0x178bc72c0>, <framework.MaxPoolingLayer.MaxPoolingLayer object at 0x178bc48c0>, <framework.FlatteningLayer.FlatteningLayer object at 0x178be0e00>, <framework.FullyConnectedLayer.FullyConnectedLayer object at 0x178bc4b00>, <framework.ReLULayer.ReLULayer object at 0x178bc50d0>, <framework.FullyConnectedLayer.FullyConnectedLayer object at 0x178bc64b0>]
2025-03-19 00:50:47,918 - INFO - 
Text CNN Architecture:
2025-03-19 00:50:47,918 - INFO - [<framework.EmbeddingLayer.EmbeddingLayer object at 0x178bc57f0>, <framework.TransposeLayer.TransposeLayer object at 0x178bc6480>, <framework.Conv1DLayer.Conv1DLayer object at 0x178bc6090>, <framework.ReLULayer.ReLULayer object at 0x178bc55b0>, <framework.GlobalMaxPooling1DLayer.GlobalMaxPooling1DLayer object at 0x178bc6210>, <framework.FlatteningLayer.FlatteningLayer object at 0x178bc62d0>, <framework.FullyConnectedLayer.FullyConnectedLayer object at 0x178bc6930>]
2025-03-19 00:50:47,919 - INFO - 
Starting training...
2025-03-19 00:50:47,919 - INFO - Starting training with:
2025-03-19 00:50:47,919 - INFO - Epochs: 5
2025-03-19 00:50:47,919 - INFO - Batch size: 128
2025-03-19 00:50:47,919 - INFO - Learning rate: 0.01
2025-03-19 00:50:47,919 - INFO - Image size: 64
2025-03-19 00:50:47,919 - INFO - Conv blocks: 3
2025-03-19 00:50:47,919 - INFO - Grayscale: False
2025-03-19 00:50:47,919 - INFO - Num kernels: 16
2025-03-19 00:50:47,919 - INFO - Using 50% of dataset: 2410 training, 850 validation samples
2025-03-19 00:50:47,919 - INFO - 
Epoch 1/5
2025-03-19 01:06:00,965 - INFO - 
Epoch 1 Summary:
2025-03-19 01:06:00,967 - INFO - Duration: 913.05s
2025-03-19 01:06:00,967 - INFO - Train Loss: 0.6936 | Acc: 51.66%
2025-03-19 01:06:00,967 - INFO - Val Loss: 0.7063 | Acc: 36.47%
2025-03-19 01:06:00,967 - INFO - --------------------------------------------------
2025-03-19 01:06:00,967 - INFO - 
Epoch 2/5
2025-03-19 01:21:12,686 - INFO - 
Epoch 2 Summary:
2025-03-19 01:21:12,687 - INFO - Duration: 911.72s
2025-03-19 01:21:12,687 - INFO - Train Loss: 0.6934 | Acc: 51.74%
2025-03-19 01:21:12,687 - INFO - Val Loss: 0.6761 | Acc: 63.53%
2025-03-19 01:21:12,687 - INFO - --------------------------------------------------
2025-03-19 01:21:12,687 - INFO - 
Epoch 3/5
2025-03-19 01:36:23,024 - INFO - 
Epoch 3 Summary:
2025-03-19 01:36:23,026 - INFO - Duration: 910.34s
2025-03-19 01:36:23,026 - INFO - Train Loss: 0.6944 | Acc: 50.17%
2025-03-19 01:36:23,026 - INFO - Val Loss: 0.6805 | Acc: 63.53%
2025-03-19 01:36:23,026 - INFO - --------------------------------------------------
2025-03-19 01:36:23,026 - INFO - 
Epoch 4/5
2025-03-19 01:51:36,792 - INFO - 
Epoch 4 Summary:
2025-03-19 01:51:36,814 - INFO - Duration: 913.77s
2025-03-19 01:51:36,814 - INFO - Train Loss: 0.6936 | Acc: 49.59%
2025-03-19 01:51:36,814 - INFO - Val Loss: 0.6950 | Acc: 36.47%
2025-03-19 01:51:36,814 - INFO - --------------------------------------------------
2025-03-19 01:51:36,814 - INFO - 
Epoch 5/5
2025-03-19 02:07:06,840 - INFO - 
Epoch 5 Summary:
2025-03-19 02:07:06,841 - INFO - Duration: 930.03s
2025-03-19 02:07:06,842 - INFO - Train Loss: 0.6937 | Acc: 50.50%
2025-03-19 02:07:06,842 - INFO - Val Loss: 0.6846 | Acc: 63.53%
2025-03-19 02:07:06,842 - INFO - --------------------------------------------------
2025-03-19 02:07:06,867 - INFO - 
======= Results for RGB_DeepCNN =======
2025-03-19 02:07:06,867 - INFO - Validation Accuracy: 63.53%
2025-03-19 02:07:06,867 - INFO - Validation Loss: 0.6846
2025-03-19 02:07:06,867 - INFO - Training Accuracy: 50.50%
2025-03-19 02:07:06,867 - INFO - Training Loss: 0.6937
2025-03-19 02:07:06,867 - INFO - Epoch Duration: 930.03s
2025-03-19 02:07:06,867 - INFO - ==================================================
2025-03-19 02:07:06,867 - INFO - Configuration details:
2025-03-19 02:07:06,868 - INFO -   - Image size: 64px
2025-03-19 02:07:06,868 - INFO -   - Image format: RGB
2025-03-19 02:07:06,868 - INFO -   - CNN depth: 3 convolutional blocks
2025-03-19 02:07:06,868 - INFO -   - Kernels per layer: 16
2025-03-19 02:07:06,868 - INFO - 
======= EXPERIMENT SUMMARY =======
2025-03-19 02:07:06,868 - INFO - Grayscale_SimpleCNN: Val Acc=39.18%, Train Acc=49.49%, Time/epoch=423.58s
2025-03-19 02:07:06,868 - INFO - RGB_SimpleCNN: Val Acc=38.35%, Train Acc=50.02%, Time/epoch=419.53s
2025-03-19 02:07:06,868 - INFO - Grayscale_MultiKernel: Val Acc=64.82%, Train Acc=49.69%, Time/epoch=1358.23s
2025-03-19 02:07:06,868 - INFO - RGB_DeepCNN: Val Acc=63.53%, Train Acc=50.50%, Time/epoch=915.78s
2025-03-19 02:07:06,868 - INFO - 
======= Generating visualization plots =======
2025-03-19 02:07:07,427 - INFO - Saved accuracy plot to experiment_plots/accuracy_comparison_20250319_020706.png
2025-03-19 02:07:07,663 - INFO - Saved loss plot to experiment_plots/loss_comparison_20250319_020706.png
2025-03-19 02:07:07,763 - INFO - Saved Grayscale_SimpleCNN accuracy plot to experiment_plots/Grayscale_SimpleCNN_accuracy_20250319_020706.png
2025-03-19 02:07:07,856 - INFO - Saved RGB_SimpleCNN accuracy plot to experiment_plots/RGB_SimpleCNN_accuracy_20250319_020706.png
2025-03-19 02:07:07,954 - INFO - Saved Grayscale_MultiKernel accuracy plot to experiment_plots/Grayscale_MultiKernel_accuracy_20250319_020706.png
2025-03-19 02:07:08,056 - INFO - Saved RGB_DeepCNN accuracy plot to experiment_plots/RGB_DeepCNN_accuracy_20250319_020706.png
2025-03-19 02:07:08,056 - INFO - Visualization complete. Plots saved to 'experiment_plots' directory.
2025-03-19 15:21:20,584 - INFO - Using Apple Silicon optimized Metal Performance Shaders (MPS) backend.
2025-03-19 15:21:20,586 - INFO - 
======= Starting experiment: Grayscale_DeepCNN =======
2025-03-19 15:22:28,607 - INFO - Original dataset size: 2437 training, 850 validation
2025-03-19 15:22:28,607 - INFO - After balancing: 4874 training samples (equal class distribution)
2025-03-19 15:22:28,607 - INFO - Final dataset size: 2437 training, 850 validation
2025-03-19 15:22:39,474 - INFO - 
Model Architectures:
2025-03-19 15:22:39,474 - INFO - Image CNN Architecture:
2025-03-19 15:22:39,474 - INFO - [<framework.ConvolutionalLayer.ConvolutionalLayer object at 0x3297ad040>, <framework.ReLULayer.ReLULayer object at 0x3227de0c0>, <framework.MaxPoolingLayer.MaxPoolingLayer object at 0x3297ac7a0>, <framework.ConvolutionalLayer.ConvolutionalLayer object at 0x32963eea0>, <framework.ReLULayer.ReLULayer object at 0x3297ac7d0>, <framework.MaxPoolingLayer.MaxPoolingLayer object at 0x329804770>, <framework.ConvolutionalLayer.ConvolutionalLayer object at 0x3298041d0>, <framework.ReLULayer.ReLULayer object at 0x329806cf0>, <framework.MaxPoolingLayer.MaxPoolingLayer object at 0x329805be0>, <framework.FlatteningLayer.FlatteningLayer object at 0x3297ad070>, <framework.FullyConnectedLayer.FullyConnectedLayer object at 0x329805640>, <framework.ReLULayer.ReLULayer object at 0x322740140>, <framework.FullyConnectedLayer.FullyConnectedLayer object at 0x329807f50>]
2025-03-19 15:22:39,474 - INFO - 
Text CNN Architecture:
2025-03-19 15:22:39,474 - INFO - [<framework.EmbeddingLayer.EmbeddingLayer object at 0x329805c10>, <framework.TransposeLayer.TransposeLayer object at 0x3227bcb00>, <framework.Conv1DLayer.Conv1DLayer object at 0x3298060f0>, <framework.ReLULayer.ReLULayer object at 0x329807e60>, <framework.GlobalMaxPooling1DLayer.GlobalMaxPooling1DLayer object at 0x329807e90>, <framework.FlatteningLayer.FlatteningLayer object at 0x329807c50>, <framework.FullyConnectedLayer.FullyConnectedLayer object at 0x3298057c0>]
2025-03-19 15:22:39,474 - INFO - 
Starting training...
2025-03-19 15:22:39,474 - INFO - Starting training with:
2025-03-19 15:22:39,474 - INFO - Epochs: 10
2025-03-19 15:22:39,474 - INFO - Batch size: 64
2025-03-19 15:22:39,474 - INFO - Learning rate: 0.001
2025-03-19 15:22:39,474 - INFO - Image size: 128
2025-03-19 15:22:39,474 - INFO - Conv blocks: 3
2025-03-19 15:22:39,474 - INFO - Grayscale: True
2025-03-19 15:22:39,474 - INFO - Num kernels: 32
2025-03-19 15:22:39,474 - INFO - Using 50% of dataset: 2437 training, 850 validation samples
2025-03-19 15:22:39,474 - INFO - 
Epoch 1/10
2025-03-19 15:26:38,734 - INFO - Using Apple Silicon optimized Metal Performance Shaders (MPS) backend.
2025-03-19 15:26:38,735 - INFO - 
======= Starting experiment: Grayscale_DeepCNN =======
2025-03-19 15:26:50,100 - WARNING - Using the latest cached version of the dataset since Multimodal-Fatima/Hatefulmemes_train couldn't be found on the Hugging Face Hub
2025-03-19 15:26:50,102 - WARNING - Found the latest cached dataset configuration 'default' at /Users/areef/.cache/huggingface/datasets/Multimodal-Fatima___hatefulmemes_train/default/0.0.0/2127d1c183b87fcae8176346473cb8103deaf872 (last modified on Wed Mar 19 15:21:22 2025).
2025-03-19 15:27:52,969 - INFO - Original dataset size: 2452 training, 850 validation
2025-03-19 15:27:52,969 - INFO - After balancing: 4904 training samples (equal class distribution)
2025-03-19 15:27:52,969 - INFO - Final dataset size: 2452 training, 850 validation
2025-03-19 15:28:03,386 - INFO - 
Model Architectures:
2025-03-19 15:28:03,386 - INFO - Image CNN Architecture:
2025-03-19 15:28:03,386 - INFO - [<framework.ConvolutionalLayer.ConvolutionalLayer object at 0x164ff2b70>, <framework.ReLULayer.ReLULayer object at 0x1656cf200>, <framework.MaxPoolingLayer.MaxPoolingLayer object at 0x16eaf14c0>, <framework.ConvolutionalLayer.ConvolutionalLayer object at 0x16eaf14f0>, <framework.ReLULayer.ReLULayer object at 0x16eaf0c20>, <framework.MaxPoolingLayer.MaxPoolingLayer object at 0x16eaf0c50>, <framework.ConvolutionalLayer.ConvolutionalLayer object at 0x16eb49970>, <framework.ReLULayer.ReLULayer object at 0x16eb48f80>, <framework.MaxPoolingLayer.MaxPoolingLayer object at 0x16eb4af00>, <framework.FlatteningLayer.FlatteningLayer object at 0x164cdf9e0>, <framework.FullyConnectedLayer.FullyConnectedLayer object at 0x16eb49310>, <framework.ReLULayer.ReLULayer object at 0x16574aea0>, <framework.FullyConnectedLayer.FullyConnectedLayer object at 0x16eb4af90>]
2025-03-19 15:28:03,386 - INFO - 
Text CNN Architecture:
2025-03-19 15:28:03,386 - INFO - [<framework.EmbeddingLayer.EmbeddingLayer object at 0x16eb4ae40>, <framework.TransposeLayer.TransposeLayer object at 0x16eb49220>, <framework.Conv1DLayer.Conv1DLayer object at 0x165768170>, <framework.ReLULayer.ReLULayer object at 0x16eb4b6b0>, <framework.GlobalMaxPooling1DLayer.GlobalMaxPooling1DLayer object at 0x16eb48d10>, <framework.FlatteningLayer.FlatteningLayer object at 0x1657680e0>, <framework.FullyConnectedLayer.FullyConnectedLayer object at 0x16eb48380>]
2025-03-19 15:28:03,387 - INFO - 
Starting training...
2025-03-19 15:28:03,387 - INFO - Starting training with:
2025-03-19 15:28:03,387 - INFO - Epochs: 10
2025-03-19 15:28:03,387 - INFO - Batch size: 64
2025-03-19 15:28:03,387 - INFO - Learning rate: 0.001
2025-03-19 15:28:03,387 - INFO - Image size: 128
2025-03-19 15:28:03,387 - INFO - Conv blocks: 3
2025-03-19 15:28:03,387 - INFO - Grayscale: True
2025-03-19 15:28:03,387 - INFO - Num kernels: 32
2025-03-19 15:28:03,387 - INFO - Using 50% of dataset: 2452 training, 850 validation samples
2025-03-19 15:28:03,387 - INFO - 
Epoch 1/10
2025-03-19 15:32:13,128 - INFO - Using Apple Silicon optimized Metal Performance Shaders (MPS) backend.
2025-03-19 15:32:13,129 - INFO - 
======= Starting experiment: Grayscale_DeepCNN =======
2025-03-19 15:33:17,391 - INFO - Original dataset size: 2391 training, 850 validation
2025-03-19 15:33:17,391 - INFO - After balancing: 4782 training samples (equal class distribution)
2025-03-19 15:33:17,391 - INFO - Final dataset size: 2391 training, 850 validation
2025-03-19 15:33:28,238 - INFO - 
Model Architectures:
2025-03-19 15:33:28,238 - INFO - Image CNN Architecture:
2025-03-19 15:33:28,238 - INFO - [<framework.ConvolutionalLayer.ConvolutionalLayer object at 0x16feb0080>, <framework.ReLULayer.ReLULayer object at 0x16ef71df0>, <framework.MaxPoolingLayer.MaxPoolingLayer object at 0x16e911ca0>, <framework.ConvolutionalLayer.ConvolutionalLayer object at 0x16fe811c0>, <framework.ReLULayer.ReLULayer object at 0x16fe811f0>, <framework.MaxPoolingLayer.MaxPoolingLayer object at 0x16fe80920>, <framework.ConvolutionalLayer.ConvolutionalLayer object at 0x16fe80950>, <framework.ReLULayer.ReLULayer object at 0x16feeaae0>, <framework.MaxPoolingLayer.MaxPoolingLayer object at 0x16fee80b0>, <framework.FlatteningLayer.FlatteningLayer object at 0x16feb3410>, <framework.FullyConnectedLayer.FullyConnectedLayer object at 0x16fee83e0>, <framework.ReLULayer.ReLULayer object at 0x16fd00d10>, <framework.FullyConnectedLayer.FullyConnectedLayer object at 0x16feeb470>]
2025-03-19 15:33:28,238 - INFO - 
Text CNN Architecture:
2025-03-19 15:33:28,238 - INFO - [<framework.EmbeddingLayer.EmbeddingLayer object at 0x16fd5fef0>, <framework.TransposeLayer.TransposeLayer object at 0x16ef73980>, <framework.Conv1DLayer.Conv1DLayer object at 0x16fee8ec0>, <framework.ReLULayer.ReLULayer object at 0x16fda34a0>, <framework.GlobalMaxPooling1DLayer.GlobalMaxPooling1DLayer object at 0x16feebbf0>, <framework.FlatteningLayer.FlatteningLayer object at 0x16feea4e0>, <framework.FullyConnectedLayer.FullyConnectedLayer object at 0x16fee8080>]
2025-03-19 15:33:28,238 - INFO - 
Starting training...
2025-03-19 15:33:28,238 - INFO - Starting training with:
2025-03-19 15:33:28,238 - INFO - Epochs: 10
2025-03-19 15:33:28,238 - INFO - Batch size: 64
2025-03-19 15:33:28,238 - INFO - Learning rate: 0.001
2025-03-19 15:33:28,238 - INFO - Image size: 128
2025-03-19 15:33:28,238 - INFO - Conv blocks: 3
2025-03-19 15:33:28,238 - INFO - Grayscale: True
2025-03-19 15:33:28,238 - INFO - Num kernels: 32
2025-03-19 15:33:28,238 - INFO - Using 50% of dataset: 2391 training, 850 validation samples
2025-03-19 15:33:28,238 - INFO - 
Epoch 1/10
2025-03-19 17:35:09,346 - INFO - 
Epoch 1 Summary:
2025-03-19 17:35:09,347 - INFO - Duration: 7301.11s
2025-03-19 17:35:09,347 - INFO - Train Loss: 0.6940 | Acc: 49.77%
2025-03-19 17:35:09,347 - INFO - Val Loss: 0.7100 | Acc: 37.18%
2025-03-19 17:35:09,347 - INFO - --------------------------------------------------
2025-03-19 17:35:09,347 - INFO - 
Epoch 2/10
2025-03-19 19:29:45,376 - INFO - 
Epoch 2 Summary:
2025-03-19 19:29:45,377 - INFO - Duration: 6876.03s
2025-03-19 19:29:45,377 - INFO - Train Loss: 0.6934 | Acc: 50.52%
2025-03-19 19:29:45,377 - INFO - Val Loss: 0.6728 | Acc: 63.29%
2025-03-19 19:29:45,377 - INFO - --------------------------------------------------
2025-03-19 19:29:45,377 - INFO - 
Epoch 3/10
2025-03-19 21:23:46,971 - INFO - 
Epoch 3 Summary:
2025-03-19 21:23:46,973 - INFO - Duration: 6841.59s
2025-03-19 21:23:46,973 - INFO - Train Loss: 0.6856 | Acc: 54.91%
2025-03-19 21:23:46,973 - INFO - Val Loss: 0.7012 | Acc: 47.65%
2025-03-19 21:23:46,973 - INFO - --------------------------------------------------
2025-03-19 21:23:46,973 - INFO - Reducing learning rate to 0.0005
2025-03-19 21:23:46,973 - INFO - 
Epoch 4/10
2025-03-19 23:16:56,552 - INFO - 
Epoch 4 Summary:
2025-03-19 23:16:56,553 - INFO - Duration: 6789.58s
2025-03-19 23:16:56,553 - INFO - Train Loss: 0.6809 | Acc: 56.59%
2025-03-19 23:16:56,553 - INFO - Val Loss: 0.7334 | Acc: 44.94%
2025-03-19 23:16:56,553 - INFO - --------------------------------------------------
2025-03-19 23:16:56,553 - INFO - 
Epoch 5/10
2025-03-20 00:43:54,019 - INFO - Using Apple Silicon optimized Metal Performance Shaders (MPS) backend.
2025-03-20 00:43:54,019 - INFO - 
======= Starting experiment: Grayscale_DeepCNN =======
2025-03-20 00:45:04,551 - INFO - Original dataset size: 800 training, 340 validation
2025-03-20 00:45:04,551 - INFO - After balancing: 4000 training samples (equal class distribution)
2025-03-20 00:45:04,551 - INFO - Final dataset size: 800 training, 340 validation
2025-03-20 00:59:49,702 - INFO - Using Apple Silicon optimized Metal Performance Shaders (MPS) backend.
2025-03-20 00:59:49,702 - INFO - 
======= Starting experiment: Grayscale_DeepCNN =======
2025-03-20 01:00:57,861 - INFO - Original dataset size: 800 training, 340 validation
2025-03-20 01:00:57,862 - INFO - After balancing: 4000 training samples (equal class distribution)
2025-03-20 01:00:57,862 - INFO - Final dataset size: 800 training, 340 validation
2025-03-20 01:01:01,665 - INFO - 
Model Architectures:
2025-03-20 01:01:01,665 - INFO - Image CNN Architecture:
2025-03-20 01:01:01,665 - INFO - [<framework.ConvolutionalLayer.ConvolutionalLayer object at 0x30a08b830>, <framework.ReLULayer.ReLULayer object at 0x30a0e2ab0>, <framework.MaxPoolingLayer.MaxPoolingLayer object at 0x309dd6240>, <framework.ConvolutionalLayer.ConvolutionalLayer object at 0x30a06f950>, <framework.ReLULayer.ReLULayer object at 0x31653f8c0>, <framework.MaxPoolingLayer.MaxPoolingLayer object at 0x31653f770>, <framework.FlatteningLayer.FlatteningLayer object at 0x309164ef0>, <framework.FullyConnectedLayer.FullyConnectedLayer object at 0x31653fa70>, <framework.ReLULayer.ReLULayer object at 0x31653fa10>, <framework.FullyConnectedLayer.FullyConnectedLayer object at 0x31653f980>]
2025-03-20 01:01:01,665 - INFO - 
Text CNN Architecture:
2025-03-20 01:01:01,665 - INFO - [<framework.EmbeddingLayer.EmbeddingLayer object at 0x31653fe90>, <framework.TransposeLayer.TransposeLayer object at 0x31653f830>, <framework.Conv1DLayer.Conv1DLayer object at 0x31653ff20>, <framework.ReLULayer.ReLULayer object at 0x30a03fcb0>, <framework.GlobalMaxPooling1DLayer.GlobalMaxPooling1DLayer object at 0x3164aeae0>, <framework.FlatteningLayer.FlatteningLayer object at 0x316509970>, <framework.FullyConnectedLayer.FullyConnectedLayer object at 0x316509610>]
2025-03-20 01:01:01,665 - INFO - 
Starting training...
2025-03-20 01:01:01,665 - INFO - Starting training with:
2025-03-20 01:01:01,665 - INFO - Epochs: 5
2025-03-20 01:01:01,665 - INFO - Batch size: 96
2025-03-20 01:01:01,665 - INFO - Learning rate: 0.01
2025-03-20 01:01:01,665 - INFO - Image size: 48
2025-03-20 01:01:01,665 - INFO - Conv blocks: 2
2025-03-20 01:01:01,665 - INFO - Grayscale: True
2025-03-20 01:01:01,666 - INFO - Num kernels: 32
2025-03-20 01:01:01,666 - INFO - Using 20% of dataset: 800 training, 340 validation samples
2025-03-20 01:01:01,666 - INFO - 
Epoch 1/5
2025-03-20 01:10:04,627 - INFO - 
Epoch 5 Summary:
2025-03-20 01:10:04,630 - INFO - Duration: 6788.07s
2025-03-20 01:10:04,631 - INFO - Train Loss: 0.6811 | Acc: 57.09%
2025-03-20 01:10:04,631 - INFO - Val Loss: 0.6774 | Acc: 56.12%
2025-03-20 01:10:04,631 - INFO - --------------------------------------------------
2025-03-20 01:10:04,631 - INFO - Early stopping triggered after 5 epochs
2025-03-20 01:10:04,647 - INFO - 
======= Results for Grayscale_DeepCNN =======
2025-03-20 01:10:04,647 - INFO - Validation Accuracy: 56.12%
2025-03-20 01:10:04,647 - INFO - Validation Loss: 0.6774
2025-03-20 01:10:04,647 - INFO - Training Accuracy: 57.09%
2025-03-20 01:10:04,647 - INFO - Training Loss: 0.6811
2025-03-20 01:10:04,647 - INFO - Epoch Duration: 6788.07s
2025-03-20 01:10:04,647 - INFO - ==================================================
2025-03-20 01:10:04,647 - INFO - Configuration details:
2025-03-20 01:10:04,647 - INFO -   - Image size: 128px
2025-03-20 01:10:04,647 - INFO -   - Image format: Grayscale
2025-03-20 01:10:04,647 - INFO -   - CNN depth: 3 convolutional blocks
2025-03-20 01:10:04,648 - INFO -   - Kernels per layer: 32
2025-03-20 01:10:04,648 - INFO - 
======= Starting experiment: RGB_DeepCNN =======
2025-03-20 01:11:12,794 - INFO - Original dataset size: 2382 training, 850 validation
2025-03-20 01:11:12,794 - INFO - After balancing: 4764 training samples (equal class distribution)
2025-03-20 01:11:12,794 - INFO - Final dataset size: 2382 training, 850 validation
2025-03-20 01:11:23,808 - INFO - 
Model Architectures:
2025-03-20 01:11:23,808 - INFO - Image CNN Architecture:
2025-03-20 01:11:23,808 - INFO - [<framework.ConvolutionalLayer.ConvolutionalLayer object at 0x16fe84560>, <framework.ReLULayer.ReLULayer object at 0x30d32f4d0>, <framework.MaxPoolingLayer.MaxPoolingLayer object at 0x30d32e360>, <framework.ConvolutionalLayer.ConvolutionalLayer object at 0x30d32e300>, <framework.ReLULayer.ReLULayer object at 0x30d32e2a0>, <framework.MaxPoolingLayer.MaxPoolingLayer object at 0x30d32c4a0>, <framework.ConvolutionalLayer.ConvolutionalLayer object at 0x30d32c200>, <framework.ReLULayer.ReLULayer object at 0x30d32c770>, <framework.MaxPoolingLayer.MaxPoolingLayer object at 0x30d32f830>, <framework.FlatteningLayer.FlatteningLayer object at 0x16fe84590>, <framework.FullyConnectedLayer.FullyConnectedLayer object at 0x30d32f3b0>, <framework.ReLULayer.ReLULayer object at 0x16ef71df0>, <framework.FullyConnectedLayer.FullyConnectedLayer object at 0x30d32fd10>]
2025-03-20 01:11:23,808 - INFO - 
Text CNN Architecture:
2025-03-20 01:11:23,808 - INFO - [<framework.EmbeddingLayer.EmbeddingLayer object at 0x16fd5fef0>, <framework.TransposeLayer.TransposeLayer object at 0x16ef73980>, <framework.Conv1DLayer.Conv1DLayer object at 0x16eec2f60>, <framework.ReLULayer.ReLULayer object at 0x16dcf2570>, <framework.GlobalMaxPooling1DLayer.GlobalMaxPooling1DLayer object at 0x30d32c740>, <framework.FlatteningLayer.FlatteningLayer object at 0x30d32ecf0>, <framework.FullyConnectedLayer.FullyConnectedLayer object at 0x30d32cda0>]
2025-03-20 01:11:23,808 - INFO - 
Starting training...
2025-03-20 01:11:23,808 - INFO - Starting training with:
2025-03-20 01:11:23,808 - INFO - Epochs: 10
2025-03-20 01:11:23,808 - INFO - Batch size: 64
2025-03-20 01:11:23,808 - INFO - Learning rate: 0.001
2025-03-20 01:11:23,808 - INFO - Image size: 128
2025-03-20 01:11:23,808 - INFO - Conv blocks: 3
2025-03-20 01:11:23,808 - INFO - Grayscale: False
2025-03-20 01:11:23,808 - INFO - Num kernels: 32
2025-03-20 01:11:23,808 - INFO - Using 50% of dataset: 2382 training, 850 validation samples
2025-03-20 01:11:23,808 - INFO - 
Epoch 1/10
2025-03-20 03:06:57,604 - INFO - 
Epoch 1 Summary:
2025-03-20 03:06:57,605 - INFO - Duration: 6933.80s
2025-03-20 03:06:57,605 - INFO - Train Loss: 0.6936 | Acc: 50.46%
2025-03-20 03:06:57,605 - INFO - Val Loss: 0.6792 | Acc: 61.41%
2025-03-20 03:06:57,605 - INFO - --------------------------------------------------
2025-03-20 03:06:57,605 - INFO - 
Epoch 2/10
2025-03-20 04:59:34,736 - INFO - 
Epoch 2 Summary:
2025-03-20 04:59:34,737 - INFO - Duration: 6757.13s
2025-03-20 04:59:34,737 - INFO - Train Loss: 0.6803 | Acc: 56.97%
2025-03-20 04:59:34,737 - INFO - Val Loss: 0.6782 | Acc: 56.35%
2025-03-20 04:59:34,737 - INFO - --------------------------------------------------
2025-03-20 04:59:34,737 - INFO - 
Epoch 3/10
2025-03-20 06:52:16,680 - INFO - 
Epoch 3 Summary:
2025-03-20 06:52:16,682 - INFO - Duration: 6761.94s
2025-03-20 06:52:16,682 - INFO - Train Loss: 0.6800 | Acc: 56.93%
2025-03-20 06:52:16,682 - INFO - Val Loss: 0.6707 | Acc: 62.12%
2025-03-20 06:52:16,682 - INFO - --------------------------------------------------
2025-03-20 06:52:16,682 - INFO - Reducing learning rate to 0.0005
2025-03-20 06:52:16,682 - INFO - 
Epoch 4/10
2025-03-20 08:47:15,117 - INFO - 
Epoch 4 Summary:
2025-03-20 08:47:15,118 - INFO - Duration: 6898.44s
2025-03-20 08:47:15,119 - INFO - Train Loss: 0.6763 | Acc: 58.61%
2025-03-20 08:47:15,119 - INFO - Val Loss: 0.6788 | Acc: 56.00%
2025-03-20 08:47:15,119 - INFO - --------------------------------------------------
2025-03-20 08:47:15,119 - INFO - 
Epoch 5/10
2025-03-20 10:42:18,074 - INFO - 
Epoch 5 Summary:
2025-03-20 10:42:18,075 - INFO - Duration: 6902.96s
2025-03-20 10:42:18,075 - INFO - Train Loss: 0.6729 | Acc: 58.14%
2025-03-20 10:42:18,075 - INFO - Val Loss: 0.6598 | Acc: 62.82%
2025-03-20 10:42:18,075 - INFO - --------------------------------------------------
2025-03-20 10:42:18,075 - INFO - 
Epoch 6/10
2025-03-20 12:37:32,079 - INFO - 
Epoch 6 Summary:
2025-03-20 12:37:32,080 - INFO - Duration: 6914.00s
2025-03-20 12:37:32,080 - INFO - Train Loss: 0.6723 | Acc: 58.31%
2025-03-20 12:37:32,080 - INFO - Val Loss: 0.6781 | Acc: 57.06%
2025-03-20 12:37:32,080 - INFO - --------------------------------------------------
2025-03-20 12:37:32,080 - INFO - Reducing learning rate to 0.00025
2025-03-20 12:37:32,080 - INFO - 
Epoch 7/10
2025-03-20 14:32:45,528 - INFO - 
Epoch 7 Summary:
2025-03-20 14:32:45,529 - INFO - Duration: 6913.45s
2025-03-20 14:32:45,529 - INFO - Train Loss: 0.6715 | Acc: 59.07%
2025-03-20 14:32:45,529 - INFO - Val Loss: 0.6699 | Acc: 58.47%
2025-03-20 14:32:45,529 - INFO - --------------------------------------------------
2025-03-20 14:32:45,529 - INFO - 
Epoch 8/10
2025-03-20 16:28:17,922 - INFO - 
Epoch 8 Summary:
2025-03-20 16:28:17,923 - INFO - Duration: 6932.39s
2025-03-20 16:28:17,923 - INFO - Train Loss: 0.6706 | Acc: 58.82%
2025-03-20 16:28:17,923 - INFO - Val Loss: 0.6645 | Acc: 60.59%
2025-03-20 16:28:17,923 - INFO - --------------------------------------------------
2025-03-20 16:28:17,923 - INFO - Early stopping triggered after 8 epochs
2025-03-20 16:28:17,937 - INFO - 
======= Results for RGB_DeepCNN =======
2025-03-20 16:28:17,937 - INFO - Validation Accuracy: 60.59%
2025-03-20 16:28:17,937 - INFO - Validation Loss: 0.6645
2025-03-20 16:28:17,937 - INFO - Training Accuracy: 58.82%
2025-03-20 16:28:17,937 - INFO - Training Loss: 0.6706
2025-03-20 16:28:17,937 - INFO - Epoch Duration: 6932.39s
2025-03-20 16:28:17,937 - INFO - ==================================================
2025-03-20 16:28:17,937 - INFO - Configuration details:
2025-03-20 16:28:17,937 - INFO -   - Image size: 128px
2025-03-20 16:28:17,937 - INFO -   - Image format: RGB
2025-03-20 16:28:17,937 - INFO -   - CNN depth: 3 convolutional blocks
2025-03-20 16:28:17,937 - INFO -   - Kernels per layer: 32
2025-03-20 16:28:17,937 - INFO - 
======= Starting experiment: Grayscale_VeryDeepCNN =======
2025-03-20 16:29:27,639 - INFO - Original dataset size: 2433 training, 850 validation
2025-03-20 16:29:27,640 - INFO - After balancing: 4866 training samples (equal class distribution)
2025-03-20 16:29:27,640 - INFO - Final dataset size: 2433 training, 850 validation
2025-03-20 16:29:38,936 - INFO - 
Model Architectures:
2025-03-20 16:29:38,936 - INFO - Image CNN Architecture:
2025-03-20 16:29:38,936 - INFO - [<framework.ConvolutionalLayer.ConvolutionalLayer object at 0x16fee6570>, <framework.ReLULayer.ReLULayer object at 0x30d39c380>, <framework.MaxPoolingLayer.MaxPoolingLayer object at 0x30d39f920>, <framework.ConvolutionalLayer.ConvolutionalLayer object at 0x16e928c80>, <framework.ReLULayer.ReLULayer object at 0x30d39c590>, <framework.MaxPoolingLayer.MaxPoolingLayer object at 0x30d39e9f0>, <framework.ConvolutionalLayer.ConvolutionalLayer object at 0x30d39ea50>, <framework.ReLULayer.ReLULayer object at 0x30d39edb0>, <framework.MaxPoolingLayer.MaxPoolingLayer object at 0x30d39d0d0>, <framework.ConvolutionalLayer.ConvolutionalLayer object at 0x30d39ed20>, <framework.ReLULayer.ReLULayer object at 0x30d39fda0>, <framework.MaxPoolingLayer.MaxPoolingLayer object at 0x30d39c170>, <framework.FlatteningLayer.FlatteningLayer object at 0x16ef040b0>, <framework.FullyConnectedLayer.FullyConnectedLayer object at 0x30d39cf80>, <framework.ReLULayer.ReLULayer object at 0x16ef71df0>, <framework.FullyConnectedLayer.FullyConnectedLayer object at 0x30d39fd70>]
2025-03-20 16:29:38,936 - INFO - 
Text CNN Architecture:
2025-03-20 16:29:38,936 - INFO - [<framework.EmbeddingLayer.EmbeddingLayer object at 0x30d39ef90>, <framework.TransposeLayer.TransposeLayer object at 0x30d39f1a0>, <framework.Conv1DLayer.Conv1DLayer object at 0x30d39ebd0>, <framework.ReLULayer.ReLULayer object at 0x30d39f080>, <framework.GlobalMaxPooling1DLayer.GlobalMaxPooling1DLayer object at 0x30d39f2f0>, <framework.FlatteningLayer.FlatteningLayer object at 0x30d39eae0>, <framework.FullyConnectedLayer.FullyConnectedLayer object at 0x30d39eba0>]
2025-03-20 16:29:38,936 - INFO - 
Starting training...
2025-03-20 16:29:38,936 - INFO - Starting training with:
2025-03-20 16:29:38,936 - INFO - Epochs: 10
2025-03-20 16:29:38,936 - INFO - Batch size: 64
2025-03-20 16:29:38,936 - INFO - Learning rate: 0.001
2025-03-20 16:29:38,936 - INFO - Image size: 128
2025-03-20 16:29:38,936 - INFO - Conv blocks: 4
2025-03-20 16:29:38,936 - INFO - Grayscale: True
2025-03-20 16:29:38,936 - INFO - Num kernels: 64
2025-03-20 16:29:38,936 - INFO - Using 50% of dataset: 2433 training, 850 validation samples
2025-03-20 16:29:38,936 - INFO - 
Epoch 1/10
